  Microsoft (R) Macro Assembler (x64) Version 14.22.27905.0
  Copyright (C) Microsoft Corporation.  All rights reserved.
  
   Assembling: inffasx64.asm
  Microsoft (R) Macro Assembler (x64) Version 14.22.27905.0
  Copyright (C) Microsoft Corporation.  All rights reserved.
  
   Assembling: gvmat64.asm
  adler32.c
  compress.c
  crc32.c
  deflate.c
  Assembler code may have bugs -- use at your own risk
  gzclose.c
  gzlib.c
  gzread.c
D:\c++\gRPC\zlib-1.2.11\gzread.c(319,20): warning C4267:  '=': 'size_t' から 'unsigned int' に変換しました。データが失われているかもしれません。
D:\c++\gRPC\zlib-1.2.11\gzread.c(400,35): warning C4267:  '=': 'size_t' から 'unsigned int' に変換しました。データが失われているかもしれません。
  gzwrite.c
D:\c++\gRPC\zlib-1.2.11\gzread.c(472,33): warning C4267:  '=': 'size_t' から 'int' に変換しました。データが失われているかもしれません。
D:\c++\gRPC\zlib-1.2.11\gzwrite.c(212,27): warning C4267:  '=': 'size_t' から 'unsigned int' に変換しました。データが失われているかもしれません。
D:\c++\gRPC\zlib-1.2.11\gzwrite.c(232,24): warning C4267:  '=': 'size_t' から 'unsigned int' に変換しました。データが失われているかもしれません。
  infback.c
  inffas8664.c
  inffast.c
  inflate.c
  inftrees.c
  ioapi.c
  iowin32.c
D:\c++\gRPC\zlib-1.2.11\gzwrite.c(371,36): warning C4267:  '=': 'size_t' から 'int' に変換しました。データが失われているかもしれません。
D:\c++\gRPC\zlib-1.2.11\gzwrite.c(371,36): warning C4267: Assembler code may have bugs -- use at your own risk
  trees.c
  uncompr.c
  zutil.c
D:\c++\gRPC\zlib-1.2.11\contrib\minizip\iowin32.c(31,32): warning C4067:  プリプロセッサ ディレクティブの後に余分な文字がありました - 改行が必要です
  unzip.c
  zip.c
     ライブラリ x64\ZlibDllRelease\zlibwapi.lib とオブジェクト x64\ZlibDllRelease\zlibwapi.exp を作成中
  コード生成しています。
  Previous IPDB not found, fall back to full compilation.
  All 264 functions were compiled because no usable IPDB/IOBJ from previous compilation was found.
  コード生成が終了しました。
  zlibvc.vcxproj -> D:\c++\gRPC\zlib-1.2.11\contrib\vstudio\vc14\x64\ZlibDllRelease\zlibwapi.dll
