  adler32.c
  compress.c
  crc32.c
  deflate.c
  Assembler code may have bugs -- use at your own risk
  gzclose.c
  gzlib.c
  gzread.c
D:\c++\gRPC\zlib-1.2.11\gzread.c(319,20): warning C4267:  '=': 'size_t' から 'unsigned int' に変換しました。データが失われているかもしれません。
D:\c++\gRPC\zlib-1.2.11\gzread.c(400,35): warning C4267:  '=': 'size_t' から 'unsigned int' に変換しました。データが失われているかもしれません。
  gzwrite.c
D:\c++\gRPC\zlib-1.2.11\gzread.c(472,33): warning C4267:  '=': 'size_t' から 'int' に変換しました。データが失われているかもしれません。
D:\c++\gRPC\zlib-1.2.11\gzwrite.c(212,27): warning C4267:  '=': 'size_t' から 'unsigned int' に変換しました。データが失われているかもしれません。
D:\c++\gRPC\zlib-1.2.11\gzwrite.c(232,24): warning C4267:  '=': 'size_t' から 'unsigned int' に変換しました。データが失われているかもしれません。
  infback.c
  inffas8664.c
  inffast.c
  inflate.c
  inftrees.c
  ioapi.c
  trees.c
  uncompr.c
  unzip.c
  zip.c
  zutil.c
  コードを生成中...
D:\c++\gRPC\zlib-1.2.11\gzwrite.c(371,36): warning C4267:  '=': 'size_t' から 'int' に変換しました。データが失われているかもしれません。
D:\c++\gRPC\zlib-1.2.11\gzwrite.c(371,36): warning C4267: Assembler code may have bugs -- use at your own risk
  zlibstat.vcxproj -> D:\c++\gRPC\zlib-1.2.11\contrib\vstudio\vc14\x64\ZlibStatRelease\zlibstat.lib
